#
# A fatal error has been detected by the Java Runtime Environment:
#
#  Internal Error (javaClasses.cpp:129), pid=4976, tid=11848
#  fatal error: Invalid layout of preloaded class
#
# JRE version: 7.0_25-b17
# Java VM: Java HotSpot(TM) Client VM (23.25-b01 mixed mode windows-x86 )
# Failed to write core dump. Minidumps are not enabled by default on client versions of Windows
#
# If you would like to submit a bug report, please visit:
#   http://bugreport.sun.com/bugreport/crash.jsp
#

---------------  T H R E A D  ---------------

Current thread (0x02bba800):  JavaThread "Unknown thread" [_thread_in_vm, id=11848, stack(0x026e0000,0x02730000)]

Stack: [0x026e0000,0x02730000],  sp=0x0272f974,  free space=318k
Native frames: (J=compiled Java code, j=interpreted, Vv=VM code, C=native code)
V  [jvm.dll+0x167e31]
V  [jvm.dll+0x1620f6]
V  [jvm.dll+0x1f92f]
V  [jvm.dll+0x1f9b6]
V  [jvm.dll+0x2cffd]
V  [jvm.dll+0x2d2a9]
V  [jvm.dll+0x75351]
V  [jvm.dll+0x7570b]
V  [jvm.dll+0x123881]
V  [jvm.dll+0x1439cc]
V  [jvm.dll+0xa619f]
C  [javaw.exe+0x13ca]
C  [javaw.exe+0x1e3c]
C  [javaw.exe+0xa5b1]
C  [javaw.exe+0xa63b]
C  [KERNEL32.DLL+0x1495d]  BaseThreadInitThunk+0xe
C  [ntdll.dll+0x48f8b]  RtlInitializeExceptionChain+0x84
C  [ntdll.dll+0x48f61]  RtlInitializeExceptionChain+0x5a


---------------  P R O C E S S  ---------------

Java Threads: ( => current thread )

Other Threads:

=>0x02bba800 (exited) JavaThread "Unknown thread" [_thread_in_vm, id=11848, stack(0x026e0000,0x02730000)]

VM state:not at safepoint (not fully initialized)

VM Mutex/Monitor currently owned by a thread: None

GC Heap History (0 events):
No events

Deoptimization events (0 events):
No events

Internal exceptions (0 events):
No events

Events (10 events):
Event: 0.016 loading class 0x02a840d8 done
Event: 0.016 loading class 0x02a652f0 done
Event: 0.016 loading class 0x02a654a8
Event: 0.016 loading class 0x02a8b828
Event: 0.016 loading class 0x02a8b828 done
Event: 0.016 loading class 0x02a8b7f0
Event: 0.016 loading class 0x02a8b7f0 done
Event: 0.016 loading class 0x02ad5358
Event: 0.016 loading class 0x02ad5358 done
Event: 0.016 loading class 0x02a654a8 done


Dynamic libraries:
0x00330000 - 0x0035f000 	G:\Java\jdk1.7.0_25\bin\javaw.exe
0x776b0000 - 0x77818000 	C:\windows\SYSTEM32\ntdll.dll
0x75520000 - 0x75660000 	C:\windows\SYSTEM32\KERNEL32.DLL
0x751c0000 - 0x7528f000 	C:\windows\SYSTEM32\KERNELBASE.dll
0x76c00000 - 0x76c77000 	C:\windows\SYSTEM32\ADVAPI32.dll
0x74d80000 - 0x74ed0000 	C:\windows\SYSTEM32\USER32.dll
0x71250000 - 0x71435000 	C:\windows\WinSxS\x86_microsoft.windows.common-controls_6595b64144ccf1df_6.0.9600.16384_none_a9f4965301334e09\COMCTL32.dll
0x74ee0000 - 0x74f9e000 	C:\windows\SYSTEM32\msvcrt.dll
0x74fb0000 - 0x74fee000 	C:\windows\SYSTEM32\sechost.dll
0x75290000 - 0x75341000 	C:\windows\SYSTEM32\RPCRT4.dll
0x76ce0000 - 0x76de8000 	C:\windows\SYSTEM32\GDI32.dll
0x74d60000 - 0x74d7d000 	C:\windows\SYSTEM32\SspiCli.dll
0x74d50000 - 0x74d59000 	C:\windows\SYSTEM32\CRYPTBASE.dll
0x74cf0000 - 0x74d41000 	C:\windows\SYSTEM32\bcryptPrimitives.dll
0x76f30000 - 0x76f55000 	C:\windows\system32\IMM32.DLL
0x77020000 - 0x77117000 	C:\windows\SYSTEM32\MSCTF.dll
0x74000000 - 0x74029000 	C:\WINDOWS\SYSTEM32\nvinit.dll
0x78860000 - 0x7891e000 	G:\Java\jdk1.7.0_25\jre\bin\msvcr100.dll
0x6b500000 - 0x6b842000 	G:\Java\jdk1.7.0_25\jre\bin\client\jvm.dll
0x6d670000 - 0x6d678000 	C:\windows\SYSTEM32\WSOCK32.dll
0x751a0000 - 0x751c0000 	C:\windows\SYSTEM32\WINMM.dll
0x74ed0000 - 0x74ed6000 	C:\windows\SYSTEM32\PSAPI.DLL
0x772e0000 - 0x7732d000 	C:\windows\SYSTEM32\WS2_32.dll
0x76ff0000 - 0x77010000 	C:\windows\SYSTEM32\WINMMBASE.dll
0x74fa0000 - 0x74fa7000 	C:\windows\SYSTEM32\NSI.dll
0x75660000 - 0x7569a000 	C:\windows\SYSTEM32\cfgmgr32.dll
0x76e10000 - 0x76e2f000 	C:\windows\SYSTEM32\DEVOBJ.dll
0x6b4f0000 - 0x6b4fc000 	G:\Java\jdk1.7.0_25\jre\bin\verify.dll
0x6b4d0000 - 0x6b4f0000 	G:\Java\jdk1.7.0_25\jre\bin\java.dll
0x6b4b0000 - 0x6b4c3000 	G:\Java\jdk1.7.0_25\jre\bin\zip.dll
0x73740000 - 0x73888000 	C:\windows\SYSTEM32\dbghelp.dll

VM Arguments:
jvm_args: -Dfile.encoding=UTF-8 -Xbootclasspath:G:\adt-bundle-windows-x86-20131030\adt-bundle-windows-x86-20131030\sdk\platforms\android-19\android.jar 
java_command: com.test.Test
Launcher Type: SUN_STANDARD

Environment Variables:
JAVA_HOME=G:\Java\jdk1.7.0_25
CLASSPATH=G:\Java\jdk1.7.0_25\lib\dt.jar;G:\Java\jdk1.7.0_25\lib\tools.jar;G:\apache-tomcat-7.0.5\bin;
PATH=G:/Java/jdk1.7.0_25/bin/../jre/bin/client;G:/Java/jdk1.7.0_25/bin/../jre/bin;G:/Java/jdk1.7.0_25/bin/../jre/lib/i386;C:\Program Files (x86)\Intel\iCLS Client\;C:\Program Files\Intel\iCLS Client\;C:\Program Files (x86)\NVIDIA Corporation\PhysX\Common;C:\windows\system32;C:\windows;C:\windows\System32\Wbem;C:\windows\System32\WindowsPowerShell\v1.0\;C:\Program Files\Intel\Intel(R) Management Engine Components\DAL;C:\Program Files\Intel\Intel(R) Management Engine Components\IPT;C:\Program Files (x86)\Intel\Intel(R) Management Engine Components\DAL;C:\Program Files (x86)\Intel\Intel(R) Management Engine Components\IPT;G:\Java\jdk1.7.0_25\bin;C:\Program Files\TortoiseSVN\bin;G:\Program Files\Git2\cmd;C:\Program Files (x86)\IDM Computer Solutions\UltraEdit\;C:\Users\pc\AppData\Local\GitHubDesktop\bin;.;;G:\adt-bundle-windows-x86-20131030\adt-bundle-windows-x86-20131030\eclipse;;.;
USERNAME=pc
OS=Windows_NT
PROCESSOR_IDENTIFIER=Intel64 Family 6 Model 60 Stepping 3, GenuineIntel



---------------  S Y S T E M  ---------------

OS: Windows 8 , 64 bit Build 9200 

CPU:total 4 (2 cores per cpu, 2 threads per core) family 6 model 60 stepping 3, cmov, cx8, fxsr, mmx, sse, sse2, sse3, ssse3, sse4.1, sse4.2, popcnt, avx, avx2, ht, tsc, tscinvbit

Memory: 4k page, physical 3912044k(291176k free), swap 8569556k(1804496k free)

vm_info: Java HotSpot(TM) Client VM (23.25-b01) for windows-x86 JRE (1.7.0_25-b17), built on Jun 21 2013 13:06:48 by "java_re" with unknown MS VC++:1600

time: Sat Oct 14 20:50:35 2017
elapsed time: 0 seconds

